2015-02-04 21:03:15.277 rewardtracking[13399:5567197] DiskCookieStorage changing policy from 2 to 0, cookie file: file:///Users/tpeng/Library/Developer/CoreSimulator/Devices/D41809F8-80AA-46C0-8864-A79FDEFE6ECC/data/Containers/Data/Application/461DC4B9-17F1-4541-AE6C-039785A0B2CC/Library/Cookies/Cookies.binarycookies
2015-02-04 21:03:15.527 rewardtracking[13399:5567197] Apache Cordova native platform version 3.7.0 is starting.
2015-02-04 21:03:15.527 rewardtracking[13399:5567197] Multi-tasking -> Device: YES, App: YES
2015-02-04 21:03:15.541 rewardtracking[13399:5567197] Unlimited access to network resources
2015-02-04 21:03:15.994 rewardtracking[13399:5567197] [CDVTimer][keyboard] 0.055015ms
2015-02-04 21:03:15.994 rewardtracking[13399:5567197] [CDVTimer][TotalPluginStartup] 0.212014ms
2015-02-04 21:03:16.712 rewardtracking[13399:5567197] Resetting plugins due to page load.
2015-02-04 21:03:16.942 rewardtracking[13399:5567197] Finished load of: file:///Users/tpeng/Library/Developer/CoreSimulator/Devices/D41809F8-80AA-46C0-8864-A79FDEFE6ECC/data/Containers/Bundle/Application/2915E084-0B4B-4CA4-A1B8-90FF1F33C047/rewardtracking.app/www/index.html#/tab/dash
2015-02-04 21:10:13.253 rewardtracking[15800:5575661] DiskCookieStorage changing policy from 2 to 0, cookie file: file:///Users/tpeng/Library/Developer/CoreSimulator/Devices/D41809F8-80AA-46C0-8864-A79FDEFE6ECC/data/Containers/Data/Application/363FADF5-A59D-49E3-BBC8-5D46CAB34B34/Library/Cookies/Cookies.binarycookies
2015-02-04 21:10:13.360 rewardtracking[15800:5575661] Apache Cordova native platform version 3.7.0 is starting.
2015-02-04 21:10:13.360 rewardtracking[15800:5575661] Multi-tasking -> Device: YES, App: YES
2015-02-04 21:10:13.361 rewardtracking[15800:5575661] Unlimited access to network resources
2015-02-04 21:10:13.506 rewardtracking[15800:5575661] [CDVTimer][keyboard] 0.048041ms
2015-02-04 21:10:13.506 rewardtracking[15800:5575661] [CDVTimer][TotalPluginStartup] 0.184000ms
2015-02-04 21:10:13.548 rewardtracking[15800:5575661] Resetting plugins due to page load.
2015-02-04 21:10:13.700 rewardtracking[15800:5575661] Finished load of: file:///Users/tpeng/Library/Developer/CoreSimulator/Devices/D41809F8-80AA-46C0-8864-A79FDEFE6ECC/data/Containers/Bundle/Application/44A42010-8F55-4D92-A988-95D8E0E95173/rewardtracking.app/www/index.html#/tab/home
2015-02-11 15:22:59.629 rewardtracking[89784:1140247] Apache Cordova native platform version 3.7.0 is starting.
2015-02-11 15:22:59.631 rewardtracking[89784:1140247] Multi-tasking -> Device: YES, App: YES
2015-02-11 15:22:59.648 rewardtracking[89784:1140247] Unlimited access to network resources
2015-02-11 15:23:00.070 rewardtracking[89784:1140247] [CDVTimer][keyboard] 0.059009ms
2015-02-11 15:23:00.070 rewardtracking[89784:1140247] [CDVTimer][TotalPluginStartup] 0.223041ms
2015-02-11 15:23:00.282 rewardtracking[89784:1140247] Resetting plugins due to page load.
2015-02-11 15:23:00.515 rewardtracking[89784:1140247] Finished load of: file:///Users/tpeng/Library/Developer/CoreSimulator/Devices/D41809F8-80AA-46C0-8864-A79FDEFE6ECC/data/Containers/Bundle/Application/97F47EC3-0AC0-4891-A612-E91579122B18/rewardtracking.app/www/index.html#/tab/home
2015-02-22 12:55:16.576 rewardtracking[9257:928271] Apache Cordova native platform version 3.7.0 is starting.
2015-02-22 12:55:16.578 rewardtracking[9257:928271] Multi-tasking -> Device: YES, App: YES
2015-02-22 12:55:16.592 rewardtracking[9257:928271] Unlimited access to network resources
2015-02-22 12:55:17.020 rewardtracking[9257:928271] [CDVTimer][keyboard] 0.050962ms
2015-02-22 12:55:17.020 rewardtracking[9257:928271] [CDVTimer][TotalPluginStartup] 0.223994ms
2015-02-22 12:55:17.233 rewardtracking[9257:928271] Resetting plugins due to page load.
2015-02-22 12:55:17.456 rewardtracking[9257:928271] Finished load of: file:///Users/tpeng/Library/Developer/CoreSimulator/Devices/D41809F8-80AA-46C0-8864-A79FDEFE6ECC/data/Containers/Bundle/Application/7F6F6F1F-DF74-42B8-94DF-CFB53CA6B292/rewardtracking.app/www/index.html#/tab/home
2015-02-22 12:55:59.977 rewardtracking[9257:928271] Resetting plugins due to page load.
2015-02-22 12:56:00.758 rewardtracking[9257:928271] Finished load of: https://www.facebook.com/dialog/oauth?client_id=877506732271773&redirect_uri=file:///Users/oauthcallback.html&response_type=token&scope=email,publish_actions
2015-02-22 12:58:05.122 rewardtracking[10859:931611] Apache Cordova native platform version 3.7.0 is starting.
2015-02-22 12:58:05.122 rewardtracking[10859:931611] Multi-tasking -> Device: YES, App: YES
2015-02-22 12:58:05.123 rewardtracking[10859:931611] Unlimited access to network resources
2015-02-22 12:58:05.271 rewardtracking[10859:931611] [CDVTimer][keyboard] 0.054002ms
2015-02-22 12:58:05.271 rewardtracking[10859:931611] [CDVTimer][TotalPluginStartup] 0.190973ms
2015-02-22 12:58:05.315 rewardtracking[10859:931611] Resetting plugins due to page load.
2015-02-22 12:58:05.457 rewardtracking[10859:931611] Finished load of: file:///Users/tpeng/Library/Developer/CoreSimulator/Devices/D41809F8-80AA-46C0-8864-A79FDEFE6ECC/data/Containers/Bundle/Application/3CE31BF8-3FEF-470C-9789-69EECE69B184/rewardtracking.app/www/index.html#/tab/home
2015-02-22 12:58:16.556 rewardtracking[12351:933441] Apache Cordova native platform version 3.7.0 is starting.
2015-02-22 12:58:16.556 rewardtracking[12351:933441] Multi-tasking -> Device: YES, App: YES
2015-02-22 12:58:16.557 rewardtracking[12351:933441] Unlimited access to network resources
2015-02-22 12:58:16.700 rewardtracking[12351:933441] [CDVTimer][keyboard] 0.050962ms
2015-02-22 12:58:16.701 rewardtracking[12351:933441] [CDVTimer][TotalPluginStartup] 0.186026ms
2015-02-22 12:58:16.743 rewardtracking[12351:933441] Resetting plugins due to page load.
2015-02-22 12:58:16.879 rewardtracking[12351:933441] Finished load of: file:///Users/tpeng/Library/Developer/CoreSimulator/Devices/D41809F8-80AA-46C0-8864-A79FDEFE6ECC/data/Containers/Bundle/Application/D8EA4E0E-EA6E-4B7F-B6FB-E53D500DF5D1/rewardtracking.app/www/index.html#/tab/home
2015-02-22 13:01:34.748 rewardtracking[13936:937085] Apache Cordova native platform version 3.7.0 is starting.
2015-02-22 13:01:34.749 rewardtracking[13936:937085] Multi-tasking -> Device: YES, App: YES
2015-02-22 13:01:34.750 rewardtracking[13936:937085] Unlimited access to network resources
2015-02-22 13:01:34.892 rewardtracking[13936:937085] [CDVTimer][keyboard] 0.051975ms
2015-02-22 13:01:34.892 rewardtracking[13936:937085] [CDVTimer][TotalPluginStartup] 0.227988ms
2015-02-22 13:01:34.935 rewardtracking[13936:937085] Resetting plugins due to page load.
2015-02-22 13:01:35.067 rewardtracking[13936:937085] Finished load of: file:///Users/tpeng/Library/Developer/CoreSimulator/Devices/D41809F8-80AA-46C0-8864-A79FDEFE6ECC/data/Containers/Bundle/Application/9BC1601B-A253-41CF-85CD-C4D6E53525C2/rewardtracking.app/www/index.html#/tab/home
2015-02-22 14:06:35.011 rewardtracking[19109:999376] Apache Cordova native platform version 3.7.0 is starting.
2015-02-22 14:06:35.012 rewardtracking[19109:999376] Multi-tasking -> Device: YES, App: YES
2015-02-22 14:06:35.013 rewardtracking[19109:999376] Unlimited access to network resources
2015-02-22 14:06:35.156 rewardtracking[19109:999376] [CDVTimer][keyboard] 0.050008ms
2015-02-22 14:06:35.156 rewardtracking[19109:999376] [CDVTimer][TotalPluginStartup] 0.184000ms
2015-02-22 14:06:35.196 rewardtracking[19109:999376] Resetting plugins due to page load.
2015-02-22 14:06:35.324 rewardtracking[19109:999376] Finished load of: file:///Users/tpeng/Library/Developer/CoreSimulator/Devices/D41809F8-80AA-46C0-8864-A79FDEFE6ECC/data/Containers/Bundle/Application/FAA84A7D-8F0C-41CE-9979-10D9342C58D3/rewardtracking.app/www/index.html#/tab/home
2015-03-05 00:43:26.640 sell[35451:1824730] Apache Cordova native platform version 3.7.0 is starting.
2015-03-05 00:43:26.644 sell[35451:1824730] Multi-tasking -> Device: YES, App: YES
2015-03-05 00:43:26.664 sell[35451:1824730] Unlimited access to network resources
2015-03-05 00:43:27.159 sell[35451:1824730] [CDVTimer][keyboard] 0.054002ms
2015-03-05 00:43:27.159 sell[35451:1824730] [CDVTimer][TotalPluginStartup] 0.199020ms
2015-03-05 00:43:27.404 sell[35451:1824730] Resetting plugins due to page load.
2015-03-05 00:43:27.655 sell[35451:1824730] Finished load of: file:///Users/tpeng/Library/Developer/CoreSimulator/Devices/D41809F8-80AA-46C0-8864-A79FDEFE6ECC/data/Containers/Bundle/Application/057E02E6-0DDE-42E0-A869-37535470120A/sell.app/www/index.html#/tab/home
2015-03-05 00:44:29.872 sell[37006:1827756] Apache Cordova native platform version 3.7.0 is starting.
2015-03-05 00:44:29.874 sell[37006:1827756] Multi-tasking -> Device: YES, App: YES
2015-03-05 00:44:29.875 sell[37006:1827756] Unlimited access to network resources
2015-03-05 00:44:30.021 sell[37006:1827756] [CDVTimer][keyboard] 0.047982ms
2015-03-05 00:44:30.021 sell[37006:1827756] [CDVTimer][TotalPluginStartup] 0.181019ms
2015-03-05 00:44:30.109 sell[37006:1827756] Resetting plugins due to page load.
2015-03-05 00:44:30.240 sell[37006:1827756] Finished load of: file:///Users/tpeng/Library/Developer/CoreSimulator/Devices/D41809F8-80AA-46C0-8864-A79FDEFE6ECC/data/Containers/Bundle/Application/E35DAF1B-E857-4F51-BD71-A2373B8B81D2/sell.app/www/index.html#/tab/home
2015-03-05 00:47:02.779 sell[38548:1831209] Apache Cordova native platform version 3.7.0 is starting.
2015-03-05 00:47:02.780 sell[38548:1831209] Multi-tasking -> Device: YES, App: YES
2015-03-05 00:47:02.781 sell[38548:1831209] Unlimited access to network resources
2015-03-05 00:47:02.923 sell[38548:1831209] [CDVTimer][keyboard] 0.045002ms
2015-03-05 00:47:02.923 sell[38548:1831209] [CDVTimer][TotalPluginStartup] 0.180006ms
2015-03-05 00:47:03.007 sell[38548:1831209] Resetting plugins due to page load.
2015-03-05 00:47:03.132 sell[38548:1831209] Finished load of: file:///Users/tpeng/Library/Developer/CoreSimulator/Devices/D41809F8-80AA-46C0-8864-A79FDEFE6ECC/data/Containers/Bundle/Application/BE471FDC-4E2F-4FF6-B250-458CD601BAF3/sell.app/www/index.html#/tab/home
2015-03-05 00:48:09.129 sell[40097:1833833] Apache Cordova native platform version 3.7.0 is starting.
2015-03-05 00:48:09.129 sell[40097:1833833] Multi-tasking -> Device: YES, App: YES
2015-03-05 00:48:09.130 sell[40097:1833833] Unlimited access to network resources
2015-03-05 00:48:09.269 sell[40097:1833833] [CDVTimer][keyboard] 0.045002ms
2015-03-05 00:48:09.269 sell[40097:1833833] [CDVTimer][TotalPluginStartup] 0.176966ms
2015-03-05 00:48:09.345 sell[40097:1833833] Resetting plugins due to page load.
2015-03-05 00:48:09.476 sell[40097:1833833] Finished load of: file:///Users/tpeng/Library/Developer/CoreSimulator/Devices/D41809F8-80AA-46C0-8864-A79FDEFE6ECC/data/Containers/Bundle/Application/24D5C923-1F55-4F6C-B144-525D06EDA1D7/sell.app/www/index.html#/tab/home
2015-03-05 10:51:05.590 sell[43910:1901747] Apache Cordova native platform version 3.7.0 is starting.
2015-03-05 10:51:05.591 sell[43910:1901747] Multi-tasking -> Device: YES, App: YES
2015-03-05 10:51:05.606 sell[43910:1901747] Unlimited access to network resources
2015-03-05 10:51:06.069 sell[43910:1901747] [CDVTimer][keyboard] 0.052035ms
2015-03-05 10:51:06.069 sell[43910:1901747] [CDVTimer][TotalPluginStartup] 0.203013ms
2015-03-05 10:51:06.281 sell[43910:1901747] Resetting plugins due to page load.
2015-03-05 10:51:06.661 sell[43910:1901747] Finished load of: file:///Users/tpeng/Library/Developer/CoreSimulator/Devices/D41809F8-80AA-46C0-8864-A79FDEFE6ECC/data/Containers/Bundle/Application/B9D7C841-1BF8-43B5-84E8-19E7F960F5E8/sell.app/www/index.html#/tab/home
2015-03-05 13:23:14.394 sell[46544:1976216] Apache Cordova native platform version 3.7.0 is starting.
2015-03-05 13:23:14.395 sell[46544:1976216] Multi-tasking -> Device: YES, App: YES
2015-03-05 13:23:14.413 sell[46544:1976216] Unlimited access to network resources
2015-03-05 13:23:14.844 sell[46544:1976216] [CDVTimer][keyboard] 0.063002ms
2015-03-05 13:23:14.844 sell[46544:1976216] [CDVTimer][TotalPluginStartup] 0.234008ms
2015-03-05 13:23:15.039 sell[46544:1976216] Resetting plugins due to page load.
2015-03-05 13:23:15.269 sell[46544:1976216] Finished load of: file:///Users/tpeng/Library/Developer/CoreSimulator/Devices/D41809F8-80AA-46C0-8864-A79FDEFE6ECC/data/Containers/Bundle/Application/637A0490-817B-432B-9FE3-42E6A1B03C0C/sell.app/www/index.html#/tab/home
2015-03-05 13:23:38.051 sell[46544:1976216] THREAD WARNING: ['Keyboard'] took '39.876953' ms. Plugin should use a background thread.
2015-03-05 17:30:21.814 sell[57721:2101895] DiskCookieStorage changing policy from 2 to 0, cookie file: file:///Users/tpeng/Library/Developer/CoreSimulator/Devices/D41809F8-80AA-46C0-8864-A79FDEFE6ECC/data/Containers/Data/Application/2E5CF6A3-CF93-44D2-BD09-7E31F7947B34/Library/Cookies/Cookies.binarycookies
2015-03-05 17:30:22.253 sell[57721:2101895] Apache Cordova native platform version 3.7.0 is starting.
2015-03-05 17:30:22.254 sell[57721:2101895] Multi-tasking -> Device: YES, App: YES
2015-03-05 17:30:22.268 sell[57721:2101895] Unlimited access to network resources
2015-03-05 17:30:22.681 sell[57721:2101895] [CDVTimer][keyboard] 0.101030ms
2015-03-05 17:30:22.681 sell[57721:2101895] [CDVTimer][TotalPluginStartup] 0.366986ms
2015-03-05 17:30:23.385 sell[57721:2101895] Resetting plugins due to page load.
2015-03-05 17:30:23.594 sell[57721:2101895] Finished load of: file:///Users/tpeng/Library/Developer/CoreSimulator/Devices/D41809F8-80AA-46C0-8864-A79FDEFE6ECC/data/Containers/Bundle/Application/CF6ADEF1-1DCA-40E2-A9A5-BCAD0074BAB2/sell.app/www/index.html#/tab/home
2015-03-05 17:30:49.069 sell[57721:2101895] Can't find keyplane that supports type 5 for keyboard iPhone-PortraitChoco-PhonePad; using 2470951658_PortraitChoco_iPhone-Complex-Pad_Default
2015-03-05 17:30:55.330 sell[57721:2101895] Can't find keyplane that supports type 5 for keyboard iPhone-PortraitChoco-PhonePad; using 2470951658_PortraitChoco_iPhone-Complex-Pad_Default
2015-03-05 17:30:56.244 sell[57721:2101895] Can't find keyplane that supports type 5 for keyboard iPhone-PortraitChoco-PhonePad; using 2470951658_PortraitChoco_iPhone-Complex-Pad_Default
2015-03-05 17:31:05.838 sell[57721:2101895] Can't find keyplane that supports type 5 for keyboard iPhone-PortraitChoco-PhonePad; using 2470951658_PortraitChoco_iPhone-Complex-Pad_Default
2015-03-05 17:31:11.072 sell[57721:2101895] Can't find keyplane that supports type 5 for keyboard iPhone-PortraitChoco-PhonePad; using 2470951658_PortraitChoco_iPhone-Complex-Pad_Default
2015-03-05 17:31:20.070 sell[57721:2101895] Can't find keyplane that supports type 5 for keyboard iPhone-PortraitChoco-PhonePad; using 2470951658_PortraitChoco_iPhone-Complex-Pad_Default
2015-03-05 17:31:22.928 sell[57721:2101895] Can't find keyplane that supports type 5 for keyboard iPhone-PortraitChoco-PhonePad; using 2470951658_PortraitChoco_iPhone-Complex-Pad_Default
2015-03-05 17:33:13.051 sell[59341:2105781] DiskCookieStorage changing policy from 2 to 0, cookie file: file:///Users/tpeng/Library/Developer/CoreSimulator/Devices/D41809F8-80AA-46C0-8864-A79FDEFE6ECC/data/Containers/Data/Application/1E8CEC93-7ABE-433D-8BC5-A39C7EA7088C/Library/Cookies/Cookies.binarycookies
2015-03-05 17:33:13.217 sell[59341:2105781] Apache Cordova native platform version 3.7.0 is starting.
2015-03-05 17:33:13.217 sell[59341:2105781] Multi-tasking -> Device: YES, App: YES
2015-03-05 17:33:13.218 sell[59341:2105781] Unlimited access to network resources
2015-03-05 17:33:13.368 sell[59341:2105781] [CDVTimer][keyboard] 0.048041ms
2015-03-05 17:33:13.368 sell[59341:2105781] [CDVTimer][TotalPluginStartup] 0.197053ms
2015-03-05 17:33:13.445 sell[59341:2105781] Resetting plugins due to page load.
2015-03-05 17:33:13.576 sell[59341:2105781] Finished load of: file:///Users/tpeng/Library/Developer/CoreSimulator/Devices/D41809F8-80AA-46C0-8864-A79FDEFE6ECC/data/Containers/Bundle/Application/0CD550AD-3517-4B6E-BD21-B2D59B0FB187/sell.app/www/index.html#/tab/home
2015-03-06 15:09:09.850 sell[70378:2363987] DiskCookieStorage changing policy from 2 to 0, cookie file: file:///Users/tpeng/Library/Developer/CoreSimulator/Devices/D41809F8-80AA-46C0-8864-A79FDEFE6ECC/data/Containers/Data/Application/8CACA9D9-F96B-4759-AF1C-75CCBEA343AB/Library/Cookies/Cookies.binarycookies
2015-03-06 15:09:10.146 sell[70378:2363987] Apache Cordova native platform version 3.7.0 is starting.
2015-03-06 15:09:10.146 sell[70378:2363987] Multi-tasking -> Device: YES, App: YES
2015-03-06 15:09:10.164 sell[70378:2363987] Unlimited access to network resources
2015-03-06 15:09:10.638 sell[70378:2363987] [CDVTimer][keyboard] 0.051975ms
2015-03-06 15:09:10.639 sell[70378:2363987] [CDVTimer][TotalPluginStartup] 0.199020ms
2015-03-06 15:09:10.921 sell[70378:2363987] Resetting plugins due to page load.
2015-03-06 15:09:11.201 sell[70378:2363987] Finished load of: file:///Users/tpeng/Library/Developer/CoreSimulator/Devices/D41809F8-80AA-46C0-8864-A79FDEFE6ECC/data/Containers/Bundle/Application/3426C931-D59C-4640-9152-906DE298BE36/sell.app/www/index.html#/tab/home
2015-03-09 13:20:09.576 sell[93549:3277834] DiskCookieStorage changing policy from 2 to 0, cookie file: file:///Users/tpeng/Library/Developer/CoreSimulator/Devices/D41809F8-80AA-46C0-8864-A79FDEFE6ECC/data/Containers/Data/Application/115F5B82-009C-425F-AB29-91D57BFFDBF4/Library/Cookies/Cookies.binarycookies
2015-03-09 13:20:09.837 sell[93549:3277834] Apache Cordova native platform version 3.7.0 is starting.
2015-03-09 13:20:09.837 sell[93549:3277834] Multi-tasking -> Device: YES, App: YES
2015-03-09 13:20:09.851 sell[93549:3277834] Unlimited access to network resources
2015-03-09 13:20:10.292 sell[93549:3277834] [CDVTimer][keyboard] 0.053048ms
2015-03-09 13:20:10.292 sell[93549:3277834] [CDVTimer][TotalPluginStartup] 0.217974ms
2015-03-09 13:20:10.576 sell[93549:3277834] Resetting plugins due to page load.
2015-03-09 13:20:10.857 sell[93549:3277834] Finished load of: file:///Users/tpeng/Library/Developer/CoreSimulator/Devices/D41809F8-80AA-46C0-8864-A79FDEFE6ECC/data/Containers/Bundle/Application/AD0626AE-67AC-4989-8339-8B5138F2C37A/sell.app/www/index.html#/tab/home
2015-03-09 13:22:56.843 sell[95125:3282105] DiskCookieStorage changing policy from 2 to 0, cookie file: file:///Users/tpeng/Library/Developer/CoreSimulator/Devices/D41809F8-80AA-46C0-8864-A79FDEFE6ECC/data/Containers/Data/Application/E321C1BD-D88B-4CAA-ADD2-58854A78FD0D/Library/Cookies/Cookies.binarycookies
2015-03-09 13:22:57.062 sell[95125:3282105] Apache Cordova native platform version 3.7.0 is starting.
2015-03-09 13:22:57.062 sell[95125:3282105] Multi-tasking -> Device: YES, App: YES
2015-03-09 13:22:57.063 sell[95125:3282105] Unlimited access to network resources
2015-03-09 13:22:57.215 sell[95125:3282105] [CDVTimer][keyboard] 0.059009ms
2015-03-09 13:22:57.215 sell[95125:3282105] [CDVTimer][TotalPluginStartup] 0.196040ms
2015-03-09 13:22:57.324 sell[95125:3282105] Resetting plugins due to page load.
2015-03-09 13:22:57.456 sell[95125:3282105] Finished load of: file:///Users/tpeng/Library/Developer/CoreSimulator/Devices/D41809F8-80AA-46C0-8864-A79FDEFE6ECC/data/Containers/Bundle/Application/61C4F786-D561-4831-B4B8-5212E3904D9F/sell.app/www/index.html#/tab/home
2015-03-09 13:22:58.011 sell[95125:3282105] data: 6.2692
2015-04-01 22:50:37.854 sell[39312:1493301] DiskCookieStorage changing policy from 2 to 0, cookie file: file:///Users/tpeng/Library/Developer/CoreSimulator/Devices/585B112D-03DB-4853-BDFD-572045CB1740/data/Containers/Data/Application/66C8124F-0C8E-4D80-A1A2-57C5297E8206/Library/Cookies/Cookies.binarycookies
2015-04-01 22:50:38.098 sell[39312:1493301] Apache Cordova native platform version 3.7.0 is starting.
2015-04-01 22:50:38.098 sell[39312:1493301] Multi-tasking -> Device: YES, App: YES
2015-04-01 22:50:38.115 sell[39312:1493301] Unlimited access to network resources
2015-04-01 22:50:38.485 sell[39312:1493301] [CDVTimer][keyboard] 0.069022ms
2015-04-01 22:50:38.485 sell[39312:1493301] [CDVTimer][TotalPluginStartup] 0.230014ms
2015-04-01 22:50:38.862 sell[39312:1493301] Resetting plugins due to page load.
2015-04-01 22:50:39.092 sell[39312:1493301] Finished load of: file:///Users/tpeng/Library/Developer/CoreSimulator/Devices/585B112D-03DB-4853-BDFD-572045CB1740/data/Containers/Bundle/Application/C6C19E68-B025-4544-97D6-6F8BDF504ACE/sell.app/www/index.html#/tab/home
2015-04-01 22:54:20.468 sell[41537:1499580] DiskCookieStorage changing policy from 2 to 0, cookie file: file:///Users/tpeng/Library/Developer/CoreSimulator/Devices/585B112D-03DB-4853-BDFD-572045CB1740/data/Containers/Data/Application/F3A615A7-8B60-4B15-A317-208210D9FC53/Library/Cookies/Cookies.binarycookies
2015-04-01 22:54:20.560 sell[41537:1499580] Apache Cordova native platform version 3.7.0 is starting.
2015-04-01 22:54:20.560 sell[41537:1499580] Multi-tasking -> Device: YES, App: YES
2015-04-01 22:54:20.561 sell[41537:1499580] Unlimited access to network resources
2015-04-01 22:54:20.616 sell[41537:1499580] [CDVTimer][keyboard] 0.068009ms
2015-04-01 22:54:20.616 sell[41537:1499580] [CDVTimer][TotalPluginStartup] 0.247002ms
2015-04-01 22:54:20.653 sell[41537:1499580] Resetting plugins due to page load.
2015-04-01 22:54:20.767 sell[41537:1499580] Finished load of: file:///Users/tpeng/Library/Developer/CoreSimulator/Devices/585B112D-03DB-4853-BDFD-572045CB1740/data/Containers/Bundle/Application/4CFE8474-41B8-4B32-AEEE-13BDF2D2E236/sell.app/www/index.html#/tab/home
2015-04-01 23:06:36.795 sell[43186:1510941] DiskCookieStorage changing policy from 2 to 0, cookie file: file:///Users/tpeng/Library/Developer/CoreSimulator/Devices/585B112D-03DB-4853-BDFD-572045CB1740/data/Containers/Data/Application/28F370C2-C774-40CE-9B7D-9E1F103D0855/Library/Cookies/Cookies.binarycookies
2015-04-01 23:06:36.928 sell[43186:1510941] Apache Cordova native platform version 3.7.0 is starting.
2015-04-01 23:06:36.929 sell[43186:1510941] Multi-tasking -> Device: YES, App: YES
2015-04-01 23:06:36.930 sell[43186:1510941] Unlimited access to network resources
2015-04-01 23:06:36.989 sell[43186:1510941] [CDVTimer][keyboard] 0.048995ms
2015-04-01 23:06:36.989 sell[43186:1510941] [CDVTimer][TotalPluginStartup] 0.186980ms
2015-04-01 23:06:37.050 sell[43186:1510941] Resetting plugins due to page load.
2015-04-01 23:06:37.176 sell[43186:1510941] Finished load of: file:///Users/tpeng/Library/Developer/CoreSimulator/Devices/585B112D-03DB-4853-BDFD-572045CB1740/data/Containers/Bundle/Application/C742F21D-D9DF-47B3-887C-983518103560/sell.app/www/index.html#/tab/home
2015-04-01 23:07:17.313 sell[44726:1513462] DiskCookieStorage changing policy from 2 to 0, cookie file: file:///Users/tpeng/Library/Developer/CoreSimulator/Devices/585B112D-03DB-4853-BDFD-572045CB1740/data/Containers/Data/Application/F0034BD3-5E46-4A0B-BBFD-97A073BCA8E2/Library/Cookies/Cookies.binarycookies
2015-04-01 23:07:17.412 sell[44726:1513462] Apache Cordova native platform version 3.7.0 is starting.
2015-04-01 23:07:17.413 sell[44726:1513462] Multi-tasking -> Device: YES, App: YES
2015-04-01 23:07:17.414 sell[44726:1513462] Unlimited access to network resources
2015-04-01 23:07:17.469 sell[44726:1513462] [CDVTimer][keyboard] 0.051022ms
2015-04-01 23:07:17.470 sell[44726:1513462] [CDVTimer][TotalPluginStartup] 0.177026ms
2015-04-01 23:07:17.506 sell[44726:1513462] Resetting plugins due to page load.
2015-04-01 23:07:17.626 sell[44726:1513462] Finished load of: file:///Users/tpeng/Library/Developer/CoreSimulator/Devices/585B112D-03DB-4853-BDFD-572045CB1740/data/Containers/Bundle/Application/9E8F79D9-CC7C-4790-94E4-56BAA97138D7/sell.app/www/index.html#/tab/home
2015-04-02 00:06:20.669 sell[46691:1553333] DiskCookieStorage changing policy from 2 to 0, cookie file: file:///Users/tpeng/Library/Developer/CoreSimulator/Devices/585B112D-03DB-4853-BDFD-572045CB1740/data/Containers/Data/Application/A982B301-95F6-4B74-B882-BBC6D657B169/Library/Cookies/Cookies.binarycookies
2015-04-02 00:06:20.819 sell[46691:1553333] Apache Cordova native platform version 3.7.0 is starting.
2015-04-02 00:06:20.819 sell[46691:1553333] Multi-tasking -> Device: YES, App: YES
2015-04-02 00:06:20.820 sell[46691:1553333] Unlimited access to network resources
2015-04-02 00:06:20.880 sell[46691:1553333] [CDVTimer][keyboard] 0.048041ms
2015-04-02 00:06:20.880 sell[46691:1553333] [CDVTimer][TotalPluginStartup] 0.174999ms
2015-04-02 00:06:20.943 sell[46691:1553333] Resetting plugins due to page load.
2015-04-02 00:06:21.071 sell[46691:1553333] Finished load of: file:///Users/tpeng/Library/Developer/CoreSimulator/Devices/585B112D-03DB-4853-BDFD-572045CB1740/data/Containers/Bundle/Application/99ED2BB7-852A-4E01-9B81-A185B4ABA53E/sell.app/www/index.html#/tab/home
2015-04-02 00:07:11.634 sell[48233:1555853] DiskCookieStorage changing policy from 2 to 0, cookie file: file:///Users/tpeng/Library/Developer/CoreSimulator/Devices/585B112D-03DB-4853-BDFD-572045CB1740/data/Containers/Data/Application/397DFCFB-9709-4F22-A03C-441466B5F966/Library/Cookies/Cookies.binarycookies
2015-04-02 00:07:11.745 sell[48233:1555853] Apache Cordova native platform version 3.7.0 is starting.
2015-04-02 00:07:11.746 sell[48233:1555853] Multi-tasking -> Device: YES, App: YES
2015-04-02 00:07:11.747 sell[48233:1555853] Unlimited access to network resources
2015-04-02 00:07:11.805 sell[48233:1555853] [CDVTimer][keyboard] 0.054002ms
2015-04-02 00:07:11.805 sell[48233:1555853] [CDVTimer][TotalPluginStartup] 0.199020ms
2015-04-02 00:07:11.864 sell[48233:1555853] Resetting plugins due to page load.
2015-04-02 00:07:11.986 sell[48233:1555853] Finished load of: file:///Users/tpeng/Library/Developer/CoreSimulator/Devices/585B112D-03DB-4853-BDFD-572045CB1740/data/Containers/Bundle/Application/FBD30737-E110-4549-9A0E-C78E06EB630F/sell.app/www/index.html#/tab/home
2015-04-02 00:07:38.466 sell[48233:1555853] 100 100
2015-04-02 00:07:39.173 sell[48233:1555853] 100 100
2015-04-02 00:07:42.887 sell[48233:1555853] 100 100
2015-04-02 00:07:44.450 sell[48233:1555853] 100 100
2015-04-04 12:36:25.671 sell[96283:2367529] DiskCookieStorage changing policy from 2 to 0, cookie file: file:///Users/tpeng/Library/Developer/CoreSimulator/Devices/585B112D-03DB-4853-BDFD-572045CB1740/data/Containers/Data/Application/2B10C4CA-4E19-41DB-A2C5-4114E173378C/Library/Cookies/Cookies.binarycookies
2015-04-04 12:36:26.088 sell[96283:2367529] Apache Cordova native platform version 3.7.0 is starting.
2015-04-04 12:36:26.089 sell[96283:2367529] Multi-tasking -> Device: YES, App: YES
2015-04-04 12:36:26.105 sell[96283:2367529] Unlimited access to network resources
2015-04-04 12:36:26.481 sell[96283:2367529] [CDVTimer][keyboard] 0.065982ms
2015-04-04 12:36:26.481 sell[96283:2367529] [CDVTimer][TotalPluginStartup] 0.228047ms
2015-04-04 12:36:26.664 sell[96283:2367529] Resetting plugins due to page load.
2015-04-04 12:36:26.908 sell[96283:2367529] Finished load of: file:///Users/tpeng/Library/Developer/CoreSimulator/Devices/585B112D-03DB-4853-BDFD-572045CB1740/data/Containers/Bundle/Application/DFB0028A-2AE3-47F6-B8B9-43490DC4E84E/sell.app/www/index.html#/tab/home
2015-04-04 12:53:17.730 sell[98035:2381276] DiskCookieStorage changing policy from 2 to 0, cookie file: file:///Users/tpeng/Library/Developer/CoreSimulator/Devices/585B112D-03DB-4853-BDFD-572045CB1740/data/Containers/Data/Application/28000FEE-CA36-4649-A0C9-375C1999202D/Library/Cookies/Cookies.binarycookies
2015-04-04 12:53:17.835 sell[98035:2381276] Apache Cordova native platform version 3.7.0 is starting.
2015-04-04 12:53:17.835 sell[98035:2381276] Multi-tasking -> Device: YES, App: YES
2015-04-04 12:53:17.837 sell[98035:2381276] Unlimited access to network resources
2015-04-04 12:53:17.893 sell[98035:2381276] [CDVTimer][keyboard] 0.054002ms
2015-04-04 12:53:17.893 sell[98035:2381276] [CDVTimer][TotalPluginStartup] 0.225008ms
2015-04-04 12:53:17.935 sell[98035:2381276] Resetting plugins due to page load.
2015-04-04 12:53:18.065 sell[98035:2381276] Finished load of: file:///Users/tpeng/Library/Developer/CoreSimulator/Devices/585B112D-03DB-4853-BDFD-572045CB1740/data/Containers/Bundle/Application/E72AA038-424E-4189-99BB-1837D2D8F07C/sell.app/www/index.html#/tab/home
2015-04-04 12:59:19.379 sell[99611:2387646] DiskCookieStorage changing policy from 2 to 0, cookie file: file:///Users/tpeng/Library/Developer/CoreSimulator/Devices/585B112D-03DB-4853-BDFD-572045CB1740/data/Containers/Data/Application/29988AAA-3BE1-4215-86DF-BEC80288F1D7/Library/Cookies/Cookies.binarycookies
2015-04-04 12:59:19.489 sell[99611:2387646] Apache Cordova native platform version 3.7.0 is starting.
2015-04-04 12:59:19.489 sell[99611:2387646] Multi-tasking -> Device: YES, App: YES
2015-04-04 12:59:19.490 sell[99611:2387646] Unlimited access to network resources
2015-04-04 12:59:19.546 sell[99611:2387646] [CDVTimer][keyboard] 0.053048ms
2015-04-04 12:59:19.546 sell[99611:2387646] [CDVTimer][TotalPluginStartup] 0.187993ms
2015-04-04 12:59:19.589 sell[99611:2387646] Resetting plugins due to page load.
2015-04-04 12:59:19.711 sell[99611:2387646] Finished load of: file:///Users/tpeng/Library/Developer/CoreSimulator/Devices/585B112D-03DB-4853-BDFD-572045CB1740/data/Containers/Bundle/Application/833D6208-CBC4-4743-B383-9D0D6D36BB04/sell.app/www/index.html#/tab/home
2015-04-04 13:00:06.608 sell[1382:2390264] DiskCookieStorage changing policy from 2 to 0, cookie file: file:///Users/tpeng/Library/Developer/CoreSimulator/Devices/585B112D-03DB-4853-BDFD-572045CB1740/data/Containers/Data/Application/A6515382-D182-4D47-A424-B2B5C15CF5CF/Library/Cookies/Cookies.binarycookies
2015-04-04 13:00:06.722 sell[1382:2390264] Apache Cordova native platform version 3.7.0 is starting.
2015-04-04 13:00:06.722 sell[1382:2390264] Multi-tasking -> Device: YES, App: YES
2015-04-04 13:00:06.723 sell[1382:2390264] Unlimited access to network resources
2015-04-04 13:00:06.778 sell[1382:2390264] [CDVTimer][keyboard] 0.055015ms
2015-04-04 13:00:06.779 sell[1382:2390264] [CDVTimer][TotalPluginStartup] 0.193000ms
2015-04-04 13:00:06.818 sell[1382:2390264] Resetting plugins due to page load.
2015-04-04 13:00:06.941 sell[1382:2390264] Finished load of: file:///Users/tpeng/Library/Developer/CoreSimulator/Devices/585B112D-03DB-4853-BDFD-572045CB1740/data/Containers/Bundle/Application/2877DACB-4087-4411-95B6-03C8D30BA54D/sell.app/www/index.html#/tab/home
2015-04-04 13:00:46.782 sell[2933:2392756] DiskCookieStorage changing policy from 2 to 0, cookie file: file:///Users/tpeng/Library/Developer/CoreSimulator/Devices/585B112D-03DB-4853-BDFD-572045CB1740/data/Containers/Data/Application/158C460C-13DD-4CA0-88B2-9075A7D18173/Library/Cookies/Cookies.binarycookies
2015-04-04 13:00:46.898 sell[2933:2392756] Apache Cordova native platform version 3.7.0 is starting.
2015-04-04 13:00:46.898 sell[2933:2392756] Multi-tasking -> Device: YES, App: YES
2015-04-04 13:00:46.899 sell[2933:2392756] Unlimited access to network resources
2015-04-04 13:00:46.955 sell[2933:2392756] [CDVTimer][keyboard] 0.046968ms
2015-04-04 13:00:46.956 sell[2933:2392756] [CDVTimer][TotalPluginStartup] 0.190020ms
2015-04-04 13:00:46.995 sell[2933:2392756] Resetting plugins due to page load.
2015-04-04 13:00:47.117 sell[2933:2392756] Finished load of: file:///Users/tpeng/Library/Developer/CoreSimulator/Devices/585B112D-03DB-4853-BDFD-572045CB1740/data/Containers/Bundle/Application/48CFBEC0-FDB9-43D4-A524-F6B1E6A9BE86/sell.app/www/index.html#/tab/home
2015-04-04 13:05:21.171 sell[4512:2397506] DiskCookieStorage changing policy from 2 to 0, cookie file: file:///Users/tpeng/Library/Developer/CoreSimulator/Devices/585B112D-03DB-4853-BDFD-572045CB1740/data/Containers/Data/Application/EDAAE58A-EF11-4A9F-871F-816531BB8544/Library/Cookies/Cookies.binarycookies
2015-04-04 13:05:21.275 sell[4512:2397506] Apache Cordova native platform version 3.7.0 is starting.
2015-04-04 13:05:21.275 sell[4512:2397506] Multi-tasking -> Device: YES, App: YES
2015-04-04 13:05:21.276 sell[4512:2397506] Unlimited access to network resources
2015-04-04 13:05:21.331 sell[4512:2397506] [CDVTimer][keyboard] 0.043988ms
2015-04-04 13:05:21.331 sell[4512:2397506] [CDVTimer][TotalPluginStartup] 0.171959ms
2015-04-04 13:05:21.368 sell[4512:2397506] Resetting plugins due to page load.
2015-04-04 13:05:21.486 sell[4512:2397506] Finished load of: file:///Users/tpeng/Library/Developer/CoreSimulator/Devices/585B112D-03DB-4853-BDFD-572045CB1740/data/Containers/Bundle/Application/C5ECD1FA-62BB-4D10-A7C6-2E81BDCF571A/sell.app/www/index.html#/tab/home
2015-04-04 14:18:35.611 sell[6409:2437217] DiskCookieStorage changing policy from 2 to 0, cookie file: file:///Users/tpeng/Library/Developer/CoreSimulator/Devices/585B112D-03DB-4853-BDFD-572045CB1740/data/Containers/Data/Application/E3ECAB10-E860-4962-B720-A58A33B80A47/Library/Cookies/Cookies.binarycookies
2015-04-04 14:18:35.717 sell[6409:2437217] Apache Cordova native platform version 3.7.0 is starting.
2015-04-04 14:18:35.718 sell[6409:2437217] Multi-tasking -> Device: YES, App: YES
2015-04-04 14:18:35.719 sell[6409:2437217] Unlimited access to network resources
2015-04-04 14:18:35.779 sell[6409:2437217] [CDVTimer][keyboard] 0.073016ms
2015-04-04 14:18:35.779 sell[6409:2437217] [CDVTimer][TotalPluginStartup] 0.204027ms
2015-04-04 14:18:35.823 sell[6409:2437217] Resetting plugins due to page load.
2015-04-04 14:18:35.948 sell[6409:2437217] Finished load of: file:///Users/tpeng/Library/Developer/CoreSimulator/Devices/585B112D-03DB-4853-BDFD-572045CB1740/data/Containers/Bundle/Application/DE736D01-9EFD-43AF-A754-466387664C70/sell.app/www/index.html#/tab/home
2015-04-04 14:38:36.878 sell[8138:2454069] DiskCookieStorage changing policy from 2 to 0, cookie file: file:///Users/tpeng/Library/Developer/CoreSimulator/Devices/585B112D-03DB-4853-BDFD-572045CB1740/data/Containers/Data/Application/BA2FEF9F-6A81-4F59-9D2C-563F69C76C3A/Library/Cookies/Cookies.binarycookies
2015-04-04 14:38:36.980 sell[8138:2454069] Apache Cordova native platform version 3.7.0 is starting.
2015-04-04 14:38:36.981 sell[8138:2454069] Multi-tasking -> Device: YES, App: YES
2015-04-04 14:38:36.982 sell[8138:2454069] Unlimited access to network resources
2015-04-04 14:38:37.038 sell[8138:2454069] [CDVTimer][keyboard] 0.051975ms
2015-04-04 14:38:37.038 sell[8138:2454069] [CDVTimer][TotalPluginStartup] 0.196040ms
2015-04-04 14:38:37.079 sell[8138:2454069] Resetting plugins due to page load.
2015-04-04 14:38:37.203 sell[8138:2454069] Finished load of: file:///Users/tpeng/Library/Developer/CoreSimulator/Devices/585B112D-03DB-4853-BDFD-572045CB1740/data/Containers/Bundle/Application/6A4B367A-F2F6-4D5A-9520-A4BAA1B30F0B/sell.app/www/index.html#/tab/home
2015-04-04 14:39:02.312 sell[9667:2456388] DiskCookieStorage changing policy from 2 to 0, cookie file: file:///Users/tpeng/Library/Developer/CoreSimulator/Devices/585B112D-03DB-4853-BDFD-572045CB1740/data/Containers/Data/Application/258BAD10-B00F-46BB-B737-3599E4CD8A4C/Library/Cookies/Cookies.binarycookies
2015-04-04 14:39:02.416 sell[9667:2456388] Apache Cordova native platform version 3.7.0 is starting.
2015-04-04 14:39:02.416 sell[9667:2456388] Multi-tasking -> Device: YES, App: YES
2015-04-04 14:39:02.418 sell[9667:2456388] Unlimited access to network resources
2015-04-04 14:39:02.480 sell[9667:2456388] [CDVTimer][keyboard] 0.047982ms
2015-04-04 14:39:02.480 sell[9667:2456388] [CDVTimer][TotalPluginStartup] 0.159025ms
2015-04-04 14:39:02.658 sell[9667:2456388] Resetting plugins due to page load.
2015-04-04 14:39:02.773 sell[9667:2456388] Finished load of: file:///Users/tpeng/Library/Developer/CoreSimulator/Devices/585B112D-03DB-4853-BDFD-572045CB1740/data/Containers/Bundle/Application/62CAB7CF-31A1-40D8-89C8-2CBA39CDFAB6/sell.app/www/index.html#/tab/home
2015-04-04 14:42:47.697 sell[11250:2461703] DiskCookieStorage changing policy from 2 to 0, cookie file: file:///Users/tpeng/Library/Developer/CoreSimulator/Devices/585B112D-03DB-4853-BDFD-572045CB1740/data/Containers/Data/Application/ABA66A66-42DA-434E-BF2D-1357D5AFE68E/Library/Cookies/Cookies.binarycookies
2015-04-04 14:42:47.794 sell[11250:2461703] Apache Cordova native platform version 3.7.0 is starting.
2015-04-04 14:42:47.794 sell[11250:2461703] Multi-tasking -> Device: YES, App: YES
2015-04-04 14:42:47.796 sell[11250:2461703] Unlimited access to network resources
2015-04-04 14:42:47.850 sell[11250:2461703] [CDVTimer][keyboard] 0.048995ms
2015-04-04 14:42:47.850 sell[11250:2461703] [CDVTimer][TotalPluginStartup] 0.167012ms
2015-04-04 14:42:47.884 sell[11250:2461703] Resetting plugins due to page load.
2015-04-04 14:42:48.000 sell[11250:2461703] Finished load of: file:///Users/tpeng/Library/Developer/CoreSimulator/Devices/585B112D-03DB-4853-BDFD-572045CB1740/data/Containers/Bundle/Application/91A844D8-D8E8-4A7C-A4E7-4EBF0588785B/sell.app/www/index.html#/tab/home
2015-04-04 15:38:40.143 sell[22822:2517544] DiskCookieStorage changing policy from 2 to 0, cookie file: file:///Users/tpeng/Library/Developer/CoreSimulator/Devices/585B112D-03DB-4853-BDFD-572045CB1740/data/Containers/Data/Application/DCD35D7A-A7FA-42E0-88F9-23A9991F6FDF/Library/Cookies/Cookies.binarycookies
2015-04-04 15:38:40.303 sell[22822:2517544] Apache Cordova native platform version 3.7.0 is starting.
2015-04-04 15:38:40.303 sell[22822:2517544] Multi-tasking -> Device: YES, App: YES
2015-04-04 15:38:40.304 sell[22822:2517544] Unlimited access to network resources
2015-04-04 15:38:40.363 sell[22822:2517544] [CDVTimer][keyboard] 0.052035ms
2015-04-04 15:38:40.363 sell[22822:2517544] [CDVTimer][TotalPluginStartup] 0.197053ms
2015-04-04 15:38:40.443 sell[22822:2517544] Resetting plugins due to page load.
2015-04-04 15:38:40.564 sell[22822:2517544] Finished load of: file:///Users/tpeng/Library/Developer/CoreSimulator/Devices/585B112D-03DB-4853-BDFD-572045CB1740/data/Containers/Bundle/Application/3665A46F-54AC-4C88-87E5-8BC0187ECE71/sell.app/www/index.html#/tab/home
2015-04-04 15:45:37.461 sell[26265:2527338] DiskCookieStorage changing policy from 2 to 0, cookie file: file:///Users/tpeng/Library/Developer/CoreSimulator/Devices/585B112D-03DB-4853-BDFD-572045CB1740/data/Containers/Data/Application/A142D0C8-E236-47A8-B3C3-8D1EB21F3CB8/Library/Cookies/Cookies.binarycookies
2015-04-04 15:45:37.560 sell[26265:2527338] Apache Cordova native platform version 3.7.0 is starting.
2015-04-04 15:45:37.561 sell[26265:2527338] Multi-tasking -> Device: YES, App: YES
2015-04-04 15:45:37.562 sell[26265:2527338] Unlimited access to network resources
2015-04-04 15:45:37.617 sell[26265:2527338] [CDVTimer][keyboard] 0.050008ms
2015-04-04 15:45:37.617 sell[26265:2527338] [CDVTimer][TotalPluginStartup] 0.167012ms
2015-04-04 15:45:37.656 sell[26265:2527338] Resetting plugins due to page load.
2015-04-04 15:45:37.773 sell[26265:2527338] Finished load of: file:///Users/tpeng/Library/Developer/CoreSimulator/Devices/585B112D-03DB-4853-BDFD-572045CB1740/data/Containers/Bundle/Application/D90C4FCE-C414-4179-BF40-EA3F47E02E7E/sell.app/www/index.html#/tab/home
